2022-04-14 15:10:46.858[info] app start
2022-04-14 15:10:47.447[info] DB connection success
2022-04-14 15:10:47.485[info] Sequelize sync success
2022-04-14 15:10:51.462[info] (user.list.params) {}
2022-04-14 15:10:51.479[debug] (userService.list) {"count":2,"rows":[{"id":2,"name":"aaal","userId":"alIdaaa","password":"1aaa","email":null,"createdAt":"2022-04-13T12:26:21.960Z","updatedAt":"2022-04-13T12:26:21.960Z","deletedAt":null},{"id":1,"name":"al","userId":"alId","password":"1","email":null,"createdAt":"2022-04-13T12:19:27.109Z","updatedAt":"2022-04-13T12:19:27.109Z","deletedAt":null}]}
2022-04-14 15:10:51.482[info] (user.list.result) {"count":2,"rows":[{"id":2,"name":"aaal","userId":"alIdaaa","password":"1aaa","email":null,"createdAt":"2022-04-13T12:26:21.960Z","updatedAt":"2022-04-13T12:26:21.960Z","deletedAt":null},{"id":1,"name":"al","userId":"alId","password":"1","email":null,"createdAt":"2022-04-13T12:19:27.109Z","updatedAt":"2022-04-13T12:19:27.109Z","deletedAt":null}]}
2022-04-14 15:28:44.216[info] (user.reg.params) {"name":"kim","userId":"kim1","password":"123"}
2022-04-14 15:28:44.222[debug] (userService.makePassword) "123"
2022-04-14 15:28:44.345[debug] (userService.reg) {"id":3,"name":"kim","userId":"kim1","updatedAt":"2022-04-14T06:28:44.224Z","createdAt":"2022-04-14T06:28:44.224Z","email":null,"deletedAt":null}
2022-04-14 15:28:44.347[info] (user.reg.result) {"id":3,"name":"kim","userId":"kim1","updatedAt":"2022-04-14T06:28:44.224Z","createdAt":"2022-04-14T06:28:44.224Z","email":null,"deletedAt":null}
2022-04-14 15:28:57.476[info] (user.list.params) {}
2022-04-14 15:28:57.591[debug] (userService.list) {"count":3,"rows":[{"id":3,"name":"kim","userId":"kim1","password":"123","email":null,"createdAt":"2022-04-14T06:28:44.224Z","updatedAt":"2022-04-14T06:28:44.224Z","deletedAt":null},{"id":2,"name":"aaal","userId":"alIdaaa","password":"1aaa","email":null,"createdAt":"2022-04-13T12:26:21.960Z","updatedAt":"2022-04-13T12:26:21.960Z","deletedAt":null},{"id":1,"name":"al","userId":"alId","password":"1","email":null,"createdAt":"2022-04-13T12:19:27.109Z","updatedAt":"2022-04-13T12:19:27.109Z","deletedAt":null}]}
2022-04-14 15:28:57.594[info] (user.list.result) {"count":3,"rows":[{"id":3,"name":"kim","userId":"kim1","password":"123","email":null,"createdAt":"2022-04-14T06:28:44.224Z","updatedAt":"2022-04-14T06:28:44.224Z","deletedAt":null},{"id":2,"name":"aaal","userId":"alIdaaa","password":"1aaa","email":null,"createdAt":"2022-04-13T12:26:21.960Z","updatedAt":"2022-04-13T12:26:21.960Z","deletedAt":null},{"id":1,"name":"al","userId":"alId","password":"1","email":null,"createdAt":"2022-04-13T12:19:27.109Z","updatedAt":"2022-04-13T12:19:27.109Z","deletedAt":null}]}
2022-04-14 17:07:23.343[info] app start
2022-04-14 17:07:23.745[info] DB connection success
2022-04-14 17:07:23.763[info] Sequelize sync success
2022-04-14 17:08:05.930[info] app start
2022-04-14 17:08:06.219[info] DB connection success
2022-04-14 17:08:06.245[info] Sequelize sync success
2022-04-14 17:08:12.720[info] app start
2022-04-14 17:08:13.108[info] DB connection success
2022-04-14 17:08:13.137[info] Sequelize sync success
2022-04-14 17:08:15.850[info] (user.list.params) {}
2022-04-14 17:08:15.869[debug] (userService.list) {"count":3,"rows":[{"id":3,"name":"kim","userId":"kim1","password":"123","email":null,"createdAt":"2022-04-14T06:28:44.224Z","updatedAt":"2022-04-14T06:28:44.224Z","deletedAt":null},{"id":2,"name":"aaal","userId":"alIdaaa","password":"1aaa","email":null,"createdAt":"2022-04-13T12:26:21.960Z","updatedAt":"2022-04-13T12:26:21.960Z","deletedAt":null},{"id":1,"name":"al","userId":"alId","password":"1","email":null,"createdAt":"2022-04-13T12:19:27.109Z","updatedAt":"2022-04-13T12:19:27.109Z","deletedAt":null}]}
2022-04-14 17:08:15.875[info] (user.list.result) {"count":3,"rows":[{"id":3,"name":"kim","userId":"kim1","password":"123","email":null,"createdAt":"2022-04-14T06:28:44.224Z","updatedAt":"2022-04-14T06:28:44.224Z","deletedAt":null},{"id":2,"name":"aaal","userId":"alIdaaa","password":"1aaa","email":null,"createdAt":"2022-04-13T12:26:21.960Z","updatedAt":"2022-04-13T12:26:21.960Z","deletedAt":null},{"id":1,"name":"al","userId":"alId","password":"1","email":null,"createdAt":"2022-04-13T12:19:27.109Z","updatedAt":"2022-04-13T12:19:27.109Z","deletedAt":null}]}
2022-04-14 17:08:17.906[info] (user.list.params) {}
2022-04-14 17:08:17.920[debug] (userService.list) {"count":3,"rows":[{"id":3,"name":"kim","userId":"kim1","password":"123","email":null,"createdAt":"2022-04-14T06:28:44.224Z","updatedAt":"2022-04-14T06:28:44.224Z","deletedAt":null},{"id":2,"name":"aaal","userId":"alIdaaa","password":"1aaa","email":null,"createdAt":"2022-04-13T12:26:21.960Z","updatedAt":"2022-04-13T12:26:21.960Z","deletedAt":null},{"id":1,"name":"al","userId":"alId","password":"1","email":null,"createdAt":"2022-04-13T12:19:27.109Z","updatedAt":"2022-04-13T12:19:27.109Z","deletedAt":null}]}
2022-04-14 17:08:17.925[info] (user.list.result) {"count":3,"rows":[{"id":3,"name":"kim","userId":"kim1","password":"123","email":null,"createdAt":"2022-04-14T06:28:44.224Z","updatedAt":"2022-04-14T06:28:44.224Z","deletedAt":null},{"id":2,"name":"aaal","userId":"alIdaaa","password":"1aaa","email":null,"createdAt":"2022-04-13T12:26:21.960Z","updatedAt":"2022-04-13T12:26:21.960Z","deletedAt":null},{"id":1,"name":"al","userId":"alId","password":"1","email":null,"createdAt":"2022-04-13T12:19:27.109Z","updatedAt":"2022-04-13T12:19:27.109Z","deletedAt":null}]}
2022-04-14 17:09:46.748[info] (user.list.params) {}
2022-04-14 17:09:46.858[debug] (userService.list) {"count":3,"rows":[{"id":3,"name":"kim","userId":"kim1","password":"123","email":null,"createdAt":"2022-04-14T06:28:44.224Z","updatedAt":"2022-04-14T06:28:44.224Z","deletedAt":null},{"id":2,"name":"aaal","userId":"alIdaaa","password":"1aaa","email":null,"createdAt":"2022-04-13T12:26:21.960Z","updatedAt":"2022-04-13T12:26:21.960Z","deletedAt":null},{"id":1,"name":"al","userId":"alId","password":"1","email":null,"createdAt":"2022-04-13T12:19:27.109Z","updatedAt":"2022-04-13T12:19:27.109Z","deletedAt":null}]}
2022-04-14 17:09:46.862[info] (user.list.result) {"count":3,"rows":[{"id":3,"name":"kim","userId":"kim1","password":"123","email":null,"createdAt":"2022-04-14T06:28:44.224Z","updatedAt":"2022-04-14T06:28:44.224Z","deletedAt":null},{"id":2,"name":"aaal","userId":"alIdaaa","password":"1aaa","email":null,"createdAt":"2022-04-13T12:26:21.960Z","updatedAt":"2022-04-13T12:26:21.960Z","deletedAt":null},{"id":1,"name":"al","userId":"alId","password":"1","email":null,"createdAt":"2022-04-13T12:19:27.109Z","updatedAt":"2022-04-13T12:19:27.109Z","deletedAt":null}]}
2022-04-14 17:09:54.609[info] (user.list.params) {}
2022-04-14 17:09:54.617[debug] (userService.list) {"count":3,"rows":[{"id":3,"name":"kim","userId":"kim1","password":"123","email":null,"createdAt":"2022-04-14T06:28:44.224Z","updatedAt":"2022-04-14T06:28:44.224Z","deletedAt":null},{"id":2,"name":"aaal","userId":"alIdaaa","password":"1aaa","email":null,"createdAt":"2022-04-13T12:26:21.960Z","updatedAt":"2022-04-13T12:26:21.960Z","deletedAt":null},{"id":1,"name":"al","userId":"alId","password":"1","email":null,"createdAt":"2022-04-13T12:19:27.109Z","updatedAt":"2022-04-13T12:19:27.109Z","deletedAt":null}]}
2022-04-14 17:09:54.620[info] (user.list.result) {"count":3,"rows":[{"id":3,"name":"kim","userId":"kim1","password":"123","email":null,"createdAt":"2022-04-14T06:28:44.224Z","updatedAt":"2022-04-14T06:28:44.224Z","deletedAt":null},{"id":2,"name":"aaal","userId":"alIdaaa","password":"1aaa","email":null,"createdAt":"2022-04-13T12:26:21.960Z","updatedAt":"2022-04-13T12:26:21.960Z","deletedAt":null},{"id":1,"name":"al","userId":"alId","password":"1","email":null,"createdAt":"2022-04-13T12:19:27.109Z","updatedAt":"2022-04-13T12:19:27.109Z","deletedAt":null}]}
2022-04-14 17:10:13.414[info] (user.list.params) {"name":"kim"}
2022-04-14 17:10:13.522[debug] (userService.list) {"count":1,"rows":[{"id":3,"name":"kim","userId":"kim1","password":"123","email":null,"createdAt":"2022-04-14T06:28:44.224Z","updatedAt":"2022-04-14T06:28:44.224Z","deletedAt":null}]}
2022-04-14 17:10:13.523[info] (user.list.result) {"count":1,"rows":[{"id":3,"name":"kim","userId":"kim1","password":"123","email":null,"createdAt":"2022-04-14T06:28:44.224Z","updatedAt":"2022-04-14T06:28:44.224Z","deletedAt":null}]}
2022-04-14 17:10:39.930[info] (user.reg.params) {"name":"lee","userId":"lee1","password":"123"}
2022-04-14 17:10:39.934[debug] (userService.makePassword) "123"
2022-04-14 17:10:40.001[debug] (userService.reg) {"id":4,"name":"lee","userId":"lee1","updatedAt":"2022-04-14T08:10:39.936Z","createdAt":"2022-04-14T08:10:39.936Z","email":null,"deletedAt":null}
2022-04-14 17:10:40.003[info] (user.reg.result) {"id":4,"name":"lee","userId":"lee1","updatedAt":"2022-04-14T08:10:39.936Z","createdAt":"2022-04-14T08:10:39.936Z","email":null,"deletedAt":null}
2022-04-14 17:10:51.011[info] (user.list.params) {"name":"kim"}
2022-04-14 17:10:51.126[debug] (userService.list) {"count":1,"rows":[{"id":3,"name":"kim","userId":"kim1","password":"123","email":null,"createdAt":"2022-04-14T06:28:44.224Z","updatedAt":"2022-04-14T06:28:44.224Z","deletedAt":null}]}
2022-04-14 17:10:51.128[info] (user.list.result) {"count":1,"rows":[{"id":3,"name":"kim","userId":"kim1","password":"123","email":null,"createdAt":"2022-04-14T06:28:44.224Z","updatedAt":"2022-04-14T06:28:44.224Z","deletedAt":null}]}
2022-04-14 17:10:55.349[info] (user.list.params) {}
2022-04-14 17:10:55.366[debug] (userService.list) {"count":4,"rows":[{"id":4,"name":"lee","userId":"lee1","password":"ugNtlIadWWlgs/6HZdU27+IGKYgt1VZeAk3o8wdCD2jqDfuWaYz+yr31IxgwCK6TJW0/Y05o2ZRH4dcMM/ZQxg==.d53372bd77e89048db74bbccca8ac88ccba70aecffbd354cdae0374adcb9c4fd8ae2ab4f12ec594ef331983ca99d9e7d65b86396863427ca8daaf17d8e882772","email":null,"createdAt":"2022-04-14T08:10:39.936Z","updatedAt":"2022-04-14T08:10:39.936Z","deletedAt":null},{"id":3,"name":"kim","userId":"kim1","password":"123","email":null,"createdAt":"2022-04-14T06:28:44.224Z","updatedAt":"2022-04-14T06:28:44.224Z","deletedAt":null},{"id":2,"name":"aaal","userId":"alIdaaa","password":"1aaa","email":null,"createdAt":"2022-04-13T12:26:21.960Z","updatedAt":"2022-04-13T12:26:21.960Z","deletedAt":null},{"id":1,"name":"al","userId":"alId","password":"1","email":null,"createdAt":"2022-04-13T12:19:27.109Z","updatedAt":"2022-04-13T12:19:27.109Z","deletedAt":null}]}
2022-04-14 17:10:55.373[info] (user.list.result) {"count":4,"rows":[{"id":4,"name":"lee","userId":"lee1","password":"ugNtlIadWWlgs/6HZdU27+IGKYgt1VZeAk3o8wdCD2jqDfuWaYz+yr31IxgwCK6TJW0/Y05o2ZRH4dcMM/ZQxg==.d53372bd77e89048db74bbccca8ac88ccba70aecffbd354cdae0374adcb9c4fd8ae2ab4f12ec594ef331983ca99d9e7d65b86396863427ca8daaf17d8e882772","email":null,"createdAt":"2022-04-14T08:10:39.936Z","updatedAt":"2022-04-14T08:10:39.936Z","deletedAt":null},{"id":3,"name":"kim","userId":"kim1","password":"123","email":null,"createdAt":"2022-04-14T06:28:44.224Z","updatedAt":"2022-04-14T06:28:44.224Z","deletedAt":null},{"id":2,"name":"aaal","userId":"alIdaaa","password":"1aaa","email":null,"createdAt":"2022-04-13T12:26:21.960Z","updatedAt":"2022-04-13T12:26:21.960Z","deletedAt":null},{"id":1,"name":"al","userId":"alId","password":"1","email":null,"createdAt":"2022-04-13T12:19:27.109Z","updatedAt":"2022-04-13T12:19:27.109Z","deletedAt":null}]}
2022-04-14 17:11:17.755[info] (user.list.params) {}
2022-04-14 17:11:17.864[debug] (userService.list) {"count":4,"rows":[{"id":4,"name":"lee","userId":"lee1","password":"ugNtlIadWWlgs/6HZdU27+IGKYgt1VZeAk3o8wdCD2jqDfuWaYz+yr31IxgwCK6TJW0/Y05o2ZRH4dcMM/ZQxg==.d53372bd77e89048db74bbccca8ac88ccba70aecffbd354cdae0374adcb9c4fd8ae2ab4f12ec594ef331983ca99d9e7d65b86396863427ca8daaf17d8e882772","email":null,"createdAt":"2022-04-14T08:10:39.936Z","updatedAt":"2022-04-14T08:10:39.936Z","deletedAt":null},{"id":3,"name":"kim","userId":"kim1","password":"123","email":null,"createdAt":"2022-04-14T06:28:44.224Z","updatedAt":"2022-04-14T06:28:44.224Z","deletedAt":null},{"id":2,"name":"aaal","userId":"alIdaaa","password":"1aaa","email":null,"createdAt":"2022-04-13T12:26:21.960Z","updatedAt":"2022-04-13T12:26:21.960Z","deletedAt":null},{"id":1,"name":"al","userId":"alId","password":"1","email":null,"createdAt":"2022-04-13T12:19:27.109Z","updatedAt":"2022-04-13T12:19:27.109Z","deletedAt":null}]}
2022-04-14 17:11:17.869[info] (user.list.result) {"count":4,"rows":[{"id":4,"name":"lee","userId":"lee1","password":"ugNtlIadWWlgs/6HZdU27+IGKYgt1VZeAk3o8wdCD2jqDfuWaYz+yr31IxgwCK6TJW0/Y05o2ZRH4dcMM/ZQxg==.d53372bd77e89048db74bbccca8ac88ccba70aecffbd354cdae0374adcb9c4fd8ae2ab4f12ec594ef331983ca99d9e7d65b86396863427ca8daaf17d8e882772","email":null,"createdAt":"2022-04-14T08:10:39.936Z","updatedAt":"2022-04-14T08:10:39.936Z","deletedAt":null},{"id":3,"name":"kim","userId":"kim1","password":"123","email":null,"createdAt":"2022-04-14T06:28:44.224Z","updatedAt":"2022-04-14T06:28:44.224Z","deletedAt":null},{"id":2,"name":"aaal","userId":"alIdaaa","password":"1aaa","email":null,"createdAt":"2022-04-13T12:26:21.960Z","updatedAt":"2022-04-13T12:26:21.960Z","deletedAt":null},{"id":1,"name":"al","userId":"alId","password":"1","email":null,"createdAt":"2022-04-13T12:19:27.109Z","updatedAt":"2022-04-13T12:19:27.109Z","deletedAt":null}]}
